
ROM used:   7222/16384 (44%)
            7222/16384 (44%) including unused fragments

            1.9 Average locations per line
            8.6 Average locations per statement

RAM used:   64/768 (8%) at main() level
            134/768 (17%) worst case

Stack used: 4 worst case (3 in main + 1 for interrupts)
Stack size: 31

Lines Stmts  %   Files
----- ----- ---  -----
  198   106  13  main.c
  753     0   0  C:\Program Files (x86)\PICC\Devices\18F2480.h
  465   137  16  C:\Program Files (x86)\PICC\Drivers\can-18xxx8.c
  377     0   0  C:\Program Files (x86)\PICC\Drivers\can-18xxx8.h
  244   111  13  sht71.c
 1351   359  43  C:\Program Files (x86)\PICC\Drivers\stdlib.h
   32     0   0  C:\Program Files (x86)\PICC\Drivers\stddef.h
  423   125  15  C:\Program Files (x86)\PICC\Drivers\string.h
   28     0   0  C:\Program Files (x86)\PICC\Drivers\ctype.h
----- -----
 3871   838 Total

Page ROM  %  RAM   Vol Diff  Functions:
---- --- --- ---   --- ----  ----------
0     38   0    1             @delay_ms1
0    220   2    1  1216  5.3  can_init
0     48   0    0   255  2.3  can_set_baud
0     34   0    2    76  3.1  can_set_mode
0    304   2   13  1128  6.5  can_set_id
0    482   3   14   762  9.7  can_get_id
0    194   1   17  1074  8.6  can_putd
 Inline        14  1623  7.2  can_getd
0     72   0    0   380  1.9  comstart
0    106   1    5   682  6.9  comwrite
0    172   1    3  1280  6.6  comread
0     56   0    2   225  5.0  comwait
0     68   0    1   290  3.7  comreset
0     40   0    4   163  3.1  measuretemp
0     40   0    4   170  3.1  measurehumid
 Inline        28   386  5.1  calculate_data
0     54   0    2             @ITOF
0    242   2   11             @MULFF
0    618   4   16             @ADDFF
 Inline        16   228  3.0  sht_rd
0     12   0    0    69  1.6  sht_init
0     12   0    0    17  1.3  isr_timer2
0   2786  19   34  6105 10.8  MAIN
0     36   0    0   221  2.9  @const1213
0     34   0    2   328  4.2  @PSTRINGC_38400_31766_31767
0     14   0    0   354  6.0  @const1215
0     26   0    0             @const1216
0     32   0    3   272  4.1  @PSTRINGCN_38400_31766_31767
0     64   0    5    35  1.4  @FTOSD
0    142   1   13    30  1.3  @DIV3232
0    384   3   13    30  1.3  @PRINTF_L32D_38400_31766_31767FPFPF
0     24   0    0   117  3.2  @const1227
0     40   0    3   117  3.2  @DIV88
0     10   0    0   108  3.3  @const1231
0    108   1    2    17  1.3  @PRINTF_U_38400_31766_31767
0     10   0    0  4942 10.3  @const1235
0    118   1   10             @FLT
0     38   0    0             @const1239
0    166   1   12             @PRINTF_L32U_38400_31766_31767
0     30   0    0             @const1242
0     14   0    0             @const1243
0     66   0    2             @PRINTF_X_38400_31766_31767
0     18   0    0             @const1249
0     26   0    0             @const1250
0     34   0    0             @const1251
0     26   0    0             @const1254
0     18   0    0             @const1255
 Inline         0             @cinit1

Program metrics:
    Functions               31
    Statements              838
    Comments                1525
    Volume (V)              35916
    Difficulty (D)          141.2
    Effort to implement (E) 5070343
    Time to implement (T)   78 hours, 15 minutes
    Est Delivered Bugs (B)  10
    Cyclomatic Complexity   61
    Maintainability (MI)    31

 Segment     Used  Free
-----------  ----  ----
00000-00002     4  0  
00004-00006     0  4  
00008-00094   142  0  
00096-03FFE  7076  9158  



